<?xml version="1.0" encoding="UTF-8"?>
<!-- Generated by org.testng.reporters.JUnitReportReporter -->
<testsuite hostname="LAPTOP-S0ACTBHP" failures="0" tests="1" name="serialization.Simplecode" time="0.595" errors="0" timestamp="2022-03-27T10:19:36 IST" skipped="0">
  <testcase classname="serialization.Simplecode" name="name" time="0.595"/>
  <system-out/>
</testsuite> <!-- serialization.Simplecode -->
