<?xml version="1.0" encoding="UTF-8"?>
<!-- Generated by org.testng.reporters.JUnitReportReporter -->
<testsuite hostname="DESKTOP-K237Q61" failures="0" tests="4" name="Batch2.Batch2.reqres" time="3.652" errors="0" timestamp="2022-03-19T22:39:07 IST" skipped="0">
  <testcase classname="Batch2.Batch2.reqres" name="postmethod" time="2.406"/>
  <system-out/>
  <testcase classname="Batch2.Batch2.reqres" name="Putmethod" time="0.544"/>
  <system-out/>
  <testcase classname="Batch2.Batch2.reqres" name="Getmethod" time="0.169"/>
  <system-out/>
  <testcase classname="Batch2.Batch2.reqres" name="Deletmethod" time="0.533"/>
  <system-out/>
</testsuite> <!-- Batch2.Batch2.reqres -->
