<?xml version="1.0" encoding="UTF-8"?>
<!-- Generated by org.testng.reporters.JUnitReportReporter -->
<testsuite hostname="DESKTOP-K237Q61" failures="0" tests="1" name="serialization.ComplexCode" time="0.201" errors="0" timestamp="2022-02-13T01:26:30 IST" skipped="0">
  <testcase classname="serialization.ComplexCode" name="name" time="0.201"/>
  <system-out/>
</testsuite> <!-- serialization.ComplexCode -->
