<?xml version="1.0" encoding="UTF-8"?>
<!-- Generated by org.testng.reporters.JUnitReportReporter -->
<testsuite hostname="LAPTOP-S0ACTBHP" failures="0" tests="1" name="serializationtopic.Simplecodetopic" time="0.634" errors="0" timestamp="2022-03-27T12:10:35 IST" skipped="0">
  <testcase classname="serializationtopic.Simplecodetopic" name="name" time="0.634"/>
  <system-out/>
</testsuite> <!-- serializationtopic.Simplecodetopic -->
