<?xml version="1.0" encoding="UTF-8"?>
<!-- Generated by org.testng.reporters.JUnitReportReporter -->
<testsuite hostname="DESKTOP-K237Q61" failures="0" tests="1" name="Batch2.Batch2.JsonParsing" time="0.928" errors="0" timestamp="2022-02-11T22:30:31 IST" skipped="0">
  <testcase classname="Batch2.Batch2.JsonParsing" name="name" time="0.928"/>
  <system-out/>
</testsuite> <!-- Batch2.Batch2.JsonParsing -->
